<component name="libraryTable">
  <library name="junit-4.12">
    <CLASSES>
      <root url="jar://$USER_HOME$/.IdeaIC2018.3/system/testAgent/junit-4.12.jar!/" />
      <root url="jar://$USER_HOME$/.IdeaIC2018.3/system/testAgent/hamcrest-core-1.3.jar!/" />
    </CLASSES>
    <JAVADOC />
    <SOURCES />
  </library>
</component>